[ 2017-09-23T09:36:52+08:00 ] ::1 /ruleManage/tpl/xx
ERR: 无法加载模块:Tpl

[ 2017-09-23T09:37:15+08:00 ] ::1 /ruleManage/tpl/xx/%E5%90%8E%E5%8F%B0%E7%AE%A1%E7%90%86.html
ERR: 无法加载模块:Tpl

[ 2017-09-23T09:37:32+08:00 ] ::1 /ruleManage/tpl/xx/xx.html
ERR: 无法加载模块:Tpl

[ 2017-09-23T09:40:28+08:00 ] ::1 /ruleManage/tpl/xx.html
ERR: 无法加载模块:Tpl

[ 2017-09-23T09:40:44+08:00 ] ::1 /ruleManage/tpl/%E7%BB%9F%E4%B8%80%E5%90%8E%E5%8F%B0%E9%9D%99%E6%80%81%E9%A1%B5%E9%9D%A2/%E5%90%8E%E5%8F%B0%E7%AE%A1%E7%90%86_files/skin/layer.css
ERR: 无法加载模块:Tpl

[ 2017-09-23T09:40:44+08:00 ] ::1 /ruleManage/tpl/%E7%BB%9F%E4%B8%80%E5%90%8E%E5%8F%B0%E9%9D%99%E6%80%81%E9%A1%B5%E9%9D%A2/images/main/ico_bg.png
ERR: 无法加载模块:Tpl

[ 2017-09-23T09:40:44+08:00 ] ::1 /ruleManage/tpl/%E7%BB%9F%E4%B8%80%E5%90%8E%E5%8F%B0%E9%9D%99%E6%80%81%E9%A1%B5%E9%9D%A2/images/main/main_link_ico.png
ERR: 无法加载模块:Tpl

[ 2017-09-23T09:40:44+08:00 ] ::1 /ruleManage/tpl/%E7%BB%9F%E4%B8%80%E5%90%8E%E5%8F%B0%E9%9D%99%E6%80%81%E9%A1%B5%E9%9D%A2/images/main/ico_small.png
ERR: 无法加载模块:Tpl

[ 2017-09-23T09:40:44+08:00 ] ::1 /ruleManage/tpl/%E7%BB%9F%E4%B8%80%E5%90%8E%E5%8F%B0%E9%9D%99%E6%80%81%E9%A1%B5%E9%9D%A2/images/main/left_bg.png
ERR: 无法加载模块:Tpl

[ 2017-09-23T09:40:53+08:00 ] ::1 /ruleManage/tpl/%E7%BB%9F%E4%B8%80%E5%90%8E%E5%8F%B0%E9%9D%99%E6%80%81%E9%A1%B5%E9%9D%A2/%E5%90%8E%E5%8F%B0%E7%AE%A1%E7%90%86_files/skin/layer.css
ERR: 无法加载模块:Tpl

[ 2017-09-23T09:40:53+08:00 ] ::1 /ruleManage/tpl/%E7%BB%9F%E4%B8%80%E5%90%8E%E5%8F%B0%E9%9D%99%E6%80%81%E9%A1%B5%E9%9D%A2/images/main/left_bg.png
ERR: 无法加载模块:Tpl

[ 2017-09-23T09:40:53+08:00 ] ::1 /ruleManage/tpl/%E7%BB%9F%E4%B8%80%E5%90%8E%E5%8F%B0%E9%9D%99%E6%80%81%E9%A1%B5%E9%9D%A2/images/main/ico_small.png
ERR: 无法加载模块:Tpl

[ 2017-09-23T09:40:53+08:00 ] ::1 /ruleManage/tpl/%E7%BB%9F%E4%B8%80%E5%90%8E%E5%8F%B0%E9%9D%99%E6%80%81%E9%A1%B5%E9%9D%A2/images/main/ico_bg.png
ERR: 无法加载模块:Tpl

[ 2017-09-23T09:40:53+08:00 ] ::1 /ruleManage/tpl/%E7%BB%9F%E4%B8%80%E5%90%8E%E5%8F%B0%E9%9D%99%E6%80%81%E9%A1%B5%E9%9D%A2/images/main/main_link_ico.png
ERR: 无法加载模块:Tpl

